<?xml version="1.0" encoding="UTF-8"?>
<!-- Generated by org.testng.reporters.JUnitReportReporter -->
<testsuite hostname="DESKTOP-012U5K5" failures="0" tests="5" name="com.CloudRunnerPackage.ProjectsTestCases" time="4.339" errors="0" timestamp="2024-06-18T10:48:57 IST" skipped="0">
  <testcase classname="com.CloudRunnerPackage.ProjectsTestCases" name="Mouse_Over_On_Projects" time="0.278"/>
  <system-out>
    <![CDATA[<font color = 'green'>Mouse over on PROJECTS</font>
Mouse Over on PROJECTS Successfully]]>
  </system-out>
  <testcase classname="com.CloudRunnerPackage.ProjectsTestCases" name="Click_Live_Projects" time="1.289"/>
  <system-out>
    <![CDATA[<font color = 'green'>Mouse over on PROJECTS</font>
<font color = 'green'>Clicked on LIVE PROJECTS</font>
Clicked On LIVE PROJECTS Succesfully]]>
  </system-out>
  <testcase classname="com.CloudRunnerPackage.ProjectsTestCases" name="Click_IEEE_Projects" time="0.898"/>
  <system-out>
    <![CDATA[<font color = 'green'>Mouse over on PROJECTS</font>
<font color = 'green'>Clicked On IEEE PROJECTS</font>
Clicked On IEEE PROJECTS Succesfully]]>
  </system-out>
  <testcase classname="com.CloudRunnerPackage.ProjectsTestCases" name="Click_Internship_Projects" time="0.885"/>
  <system-out>
    <![CDATA[<font color = 'green'>Mouse over on PROJECTS</font>
<font color = 'green'>Clicked On INTERNSHIP PROJECTS</font>
Clicked On INTERNSHIP PROJECTS  Succesfully]]>
  </system-out>
  <testcase classname="com.CloudRunnerPackage.ProjectsTestCases" name="Click_Real_Time_Projects" time="0.989"/>
  <system-out>
    <![CDATA[<font color = 'green'>Mouse over on PROJECTS</font>
<font color = 'green'>Clicked On REAL TIME PROJECTS</font>
Clicked On REAL TIME PROJECTS Successfully]]>
  </system-out>
</testsuite> <!-- com.CloudRunnerPackage.ProjectsTestCases -->
