<?xml version="1.0" encoding="UTF-8"?>
<!-- Generated by org.testng.reporters.JUnitReportReporter -->
<testsuite hostname="DESKTOP-012U5K5" failures="0" tests="5" name="com.CloudRunnerPackage.ServicesTestCases" time="4.847" errors="0" timestamp="2024-06-18T10:48:57 IST" skipped="0">
  <testcase classname="com.CloudRunnerPackage.ServicesTestCases" name="Mouse_Over_On_Services" time="0.278"/>
  <system-out>
    <![CDATA[<font color = 'green'>Mouse over on SERVICES</font>
Mouse Over on SERVICES Successfully]]>
  </system-out>
  <testcase classname="com.CloudRunnerPackage.ServicesTestCases" name="Click_Internship_Program" time="1.556"/>
  <system-out>
    <![CDATA[<font color = 'green'>Mouse over on SERVICES</font>
<font color = 'green'>Clicked on INTERNSHIP PROGRAM</font>
Clicked On INTERNSHIP PROGRAM Succesfully]]>
  </system-out>
  <testcase classname="com.CloudRunnerPackage.ServicesTestCases" name="Click_Placement_Assistance" time="1.062"/>
  <system-out>
    <![CDATA[<font color = 'green'>Mouse over on SERVICES</font>
<font color = 'green'>Clicked on PLACEMENT ASSISTANCE</font>
Clicked On PLACEMENT ASSISTANCE Succesfully]]>
  </system-out>
  <testcase classname="com.CloudRunnerPackage.ServicesTestCases" name="Click_Placements" time="0.934"/>
  <system-out>
    <![CDATA[<font color = 'green'>Mouse over on SERVICES</font>
<font color = 'green'>Clicked on PLACEMENTS</font>
Clicked On PLACEMENTS Succesfully]]>
  </system-out>
  <testcase classname="com.CloudRunnerPackage.ServicesTestCases" name="Click_Cloud_Care" time="1.017"/>
  <system-out>
    <![CDATA[<font color = 'green'>Mouse over on SERVICES</font>
<font color = 'green'>Clicked on CLOUD CARE</font>
Clicked On CLOUD CARE Successfully]]>
  </system-out>
</testsuite> <!-- com.CloudRunnerPackage.ServicesTestCases -->
