<?xml version="1.0" encoding="UTF-8"?>
<!-- Generated by org.testng.reporters.JUnitReportReporter -->
<testsuite hostname="DESKTOP-012U5K5" failures="0" tests="5" name="com.CloudRunnerPackage.InSightsTestCases" time="3.846" errors="0" timestamp="2024-06-18T10:48:57 IST" skipped="0">
  <testcase classname="com.CloudRunnerPackage.InSightsTestCases" name="Mouse_Over_On_In_Sights" time="0.287"/>
  <system-out>
    <![CDATA[<font color = 'green'>Mouse over on IN SIGHTS</font>
Mouse Over on In Sights Successfully]]>
  </system-out>
  <testcase classname="com.CloudRunnerPackage.InSightsTestCases" name="Click_Success" time="1.349"/>
  <system-out>
    <![CDATA[<font color = 'green'>Mouse over on IN SIGHTS</font>
<font color = 'green'>Clicked On SUCCESS</font>
Clicked On SUCCESS Succesfully]]>
  </system-out>
  <testcase classname="com.CloudRunnerPackage.InSightsTestCases" name="Click_World_Class_Training" time="0.949"/>
  <system-out>
    <![CDATA[<font color = 'green'>Mouse over on IN SIGHTS</font>
<font color = 'green'>Clicked On WORLD CLASS TRAINING</font>
Clicked On WORLD CLASS TRAINING Succesfully]]>
  </system-out>
  <testcase classname="com.CloudRunnerPackage.InSightsTestCases" name="Click_Training_Choice" time="0.889"/>
  <system-out>
    <![CDATA[<font color = 'green'>Mouse over on IN SIGHTS</font>
<font color = 'green'>Clicked On TRAINING CHOICE</font>
Clicked On Training Choice Successfully]]>
  </system-out>
  <testcase classname="com.CloudRunnerPackage.InSightsTestCases" name="Click_Thought_Leadership" time="0.372"/>
  <system-out>
    <![CDATA[<font color = 'green'>Clicked On THOUGHT LEARDERSHIP</font>
Clicked On THOUGHT LEARDERSHIP Successfully]]>
  </system-out>
</testsuite> <!-- com.CloudRunnerPackage.InSightsTestCases -->
