<?xml version="1.0" encoding="UTF-8"?>
<!-- Generated by org.testng.reporters.JUnitReportReporter -->
<testsuite hostname="DESKTOP-012U5K5" failures="0" tests="8" name="com.CloudRunnerPackage.CloudObjectRunner" time="2.332" errors="0" timestamp="2024-06-18T10:48:57 IST" skipped="0">
  <testcase classname="com.CloudRunnerPackage.CloudObjectRunner" name="Mouse_Over_On_Home_Tab" time="0.349"/>
  <system-out>
    <![CDATA[<font color = 'green'>Mouse over on HOME</font>
Mouse Over on home Successfully]]>
  </system-out>
  <testcase classname="com.CloudRunnerPackage.CloudObjectRunner" name="Mouse_Over_On_About_Us" time="0.303"/>
  <system-out>
    <![CDATA[<font color = 'green'>Mouse over on ABOUT US</font>
Mouse Over About Us Successfully]]>
  </system-out>
  <testcase classname="com.CloudRunnerPackage.CloudObjectRunner" name="Mouse_Over_On_Courses" time="0.248"/>
  <system-out>
    <![CDATA[<font color = 'green'>Mouse over on COURSES</font>
Mouse Over Courses Successfully]]>
  </system-out>
  <testcase classname="com.CloudRunnerPackage.CloudObjectRunner" name="Mouse_Over_On_Services" time="0.296"/>
  <system-out>
    <![CDATA[<font color = 'green'>Mouse over on SERVICES</font>
Mouse Over Services Successfully]]>
  </system-out>
  <testcase classname="com.CloudRunnerPackage.CloudObjectRunner" name="Mouse_Over_On_Projects" time="0.285"/>
  <system-out>
    <![CDATA[<font color = 'green'>Mouse over on PROJECTS</font>
Mouse Over Projects Successfully]]>
  </system-out>
  <testcase classname="com.CloudRunnerPackage.CloudObjectRunner" name="Mouse_Over_On_New_Batches" time="0.274"/>
  <system-out>
    <![CDATA[<font color = 'green'>Mouse over on NEW BATCHES</font>
Mouse Over New Batches Successfully]]>
  </system-out>
  <testcase classname="com.CloudRunnerPackage.CloudObjectRunner" name="Mouse_Over_On_In_Sights" time="0.276"/>
  <system-out>
    <![CDATA[<font color = 'green'>Mouse over on IN SIGHTS</font>
Mouse Over In Sights Successfully]]>
  </system-out>
  <testcase classname="com.CloudRunnerPackage.CloudObjectRunner" name="Mouse_Over_On_Contact" time="0.301"/>
  <system-out>
    <![CDATA[<font color = 'green'>Mouse over on Projects</font>
Mouse Over Contact Successfully]]>
  </system-out>
</testsuite> <!-- com.CloudRunnerPackage.CloudObjectRunner -->
