<?xml version="1.0" encoding="UTF-8"?>
<!-- Generated by org.testng.reporters.JUnitReportReporter -->
<testsuite hostname="DESKTOP-012U5K5" failures="0" tests="5" name="com.CloudRunnerPackage.NewBatchesTestCases" time="14.642" errors="0" timestamp="2024-06-18T10:48:57 IST" skipped="0">
  <testcase classname="com.CloudRunnerPackage.NewBatchesTestCases" name="Mouse_Over_On_New_Batches" time="2.313"/>
  <system-out>
    <![CDATA[<font color = 'green'>Mouse over on NEW BATCHES</font>
Mouse Over on New Batches Successfully]]>
  </system-out>
  <testcase classname="com.CloudRunnerPackage.NewBatchesTestCases" name="Click_Class_Room_Anantapuram" time="3.425"/>
  <system-out>
    <![CDATA[<font color = 'green'>Mouse over on NEW BATCHES</font>
<font color = 'green'>Clicked On CLASS ROOM ANANTHAPURAM</font>
Clicked On CLASS ROOM ANANTHAPURAM Succesfully]]>
  </system-out>
  <testcase classname="com.CloudRunnerPackage.NewBatchesTestCases" name="Click_Online_Classes" time="3.000"/>
  <system-out>
    <![CDATA[<font color = 'green'>Mouse over on NEW BATCHES</font>
<font color = 'green'>Clicked On ONLINE CLASSES</font>
Clicked On ONLINE CLASSES Succesfully]]>
  </system-out>
  <testcase classname="com.CloudRunnerPackage.NewBatchesTestCases" name="Click_On_Line_Schedule" time="2.904"/>
  <system-out>
    <![CDATA[<font color = 'green'>Mouse over on NEW BATCHES</font>
<font color = 'green'>Clicked On LIVE SHEDULE</font>
Clicked On LIVE SHEDULE Successfully]]>
  </system-out>
  <testcase classname="com.CloudRunnerPackage.NewBatchesTestCases" name="Click_Free_Online_Workshops" time="3.000"/>
  <system-out>
    <![CDATA[<font color = 'green'>Mouse over on NEW BATCHES</font>
<font color = 'green'>Clicked on FREE ONLINE WORKSHOPS</font>
Clicked on FREE ONLINE WORKSHOPS Successfully]]>
  </system-out>
</testsuite> <!-- com.CloudRunnerPackage.NewBatchesTestCases -->
