<?xml version="1.0" encoding="UTF-8"?>
<!-- Generated by org.testng.reporters.JUnitReportReporter -->
<testsuite hostname="DESKTOP-012U5K5" failures="0" tests="4" name="com.CloudRunnerPackage.NewsTestCases" time="3.595" errors="0" timestamp="2024-06-18T10:48:57 IST" skipped="0">
  <testcase classname="com.CloudRunnerPackage.NewsTestCases" name="Mouse_Over_On_News" time="0.244"/>
  <system-out>
    <![CDATA[<font color = 'green'>Mouse over on NEWS</font>
Mouse Over on NEWS Successfully]]>
  </system-out>
  <testcase classname="com.CloudRunnerPackage.NewsTestCases" name="Click_Monthly_News" time="1.261"/>
  <system-out>
    <![CDATA[<font color = 'green'>Mouse over on NEWS</font>
<font color = 'green'>Clicked On MONTHLY NEWS</font>
Clicked On MONTHLTY NEWS Succesfully]]>
  </system-out>
  <testcase classname="com.CloudRunnerPackage.NewsTestCases" name="Click_Events" time="1.048"/>
  <system-out>
    <![CDATA[<font color = 'green'>Mouse over on NEWS</font>
<font color = 'green'>Clicked On EVENTS</font>
Clicked On EVENTS Succesfully]]>
  </system-out>
  <testcase classname="com.CloudRunnerPackage.NewsTestCases" name="Click_Blog" time="1.042"/>
  <system-out>
    <![CDATA[<font color = 'green'>Mouse over on NEWS</font>
<font color = 'green'>Clicked On BLOG</font>
Clicked On BLOG Successfully]]>
  </system-out>
</testsuite> <!-- com.CloudRunnerPackage.NewsTestCases -->
