<?xml version="1.0" encoding="UTF-8"?>
<!-- Generated by org.testng.reporters.JUnitReportReporter -->
<testsuite hostname="DESKTOP-012U5K5" failures="0" tests="7" name="com.CloudRunnerPackage.TrainingTestCases" time="6.968" errors="0" timestamp="2024-06-18T10:48:57 IST" skipped="0">
  <testcase classname="com.CloudRunnerPackage.TrainingTestCases" name="Mouse_Over_On_Training" time="0.351"/>
  <system-out>
    <![CDATA[<font color = 'green'>Mouse over on TRAINING</font>
Mouse Over on TRAINING Successfully]]>
  </system-out>
  <testcase classname="com.CloudRunnerPackage.TrainingTestCases" name="Click_Class_Room_Training" time="1.327"/>
  <system-out>
    <![CDATA[<font color = 'green'>Mouse over on TRAINING</font>
<font color = 'green'>Clicked On CLASS ROOM TRAINING</font>
Clicked On CLASS ROOM TRAINING Succesfully]]>
  </system-out>
  <testcase classname="com.CloudRunnerPackage.TrainingTestCases" name="Click_Online_Training" time="0.994"/>
  <system-out>
    <![CDATA[<font color = 'green'>Mouse over on TRAINING</font>
<font color = 'green'>Clicked ON ONLINE TRAINING</font>
Clicked On ONLINE TRAINING Succesfully]]>
  </system-out>
  <testcase classname="com.CloudRunnerPackage.TrainingTestCases" name="Click_Weekend_Training" time="1.113"/>
  <system-out>
    <![CDATA[<font color = 'green'>Mouse over on TRAINING</font>
<font color = 'green'>Clicked On WEEKEND TRAINING</font>
Clicked On WEEKEND TRAINING Succesfully]]>
  </system-out>
  <testcase classname="com.CloudRunnerPackage.TrainingTestCases" name="Click_Trainers_Profile" time="1.070"/>
  <system-out>
    <![CDATA[<font color = 'green'>Mouse over on TRAINING</font>
<font color = 'green'>Clicked On TRAINERS PROFILE</font>
Clicked On TRAINERS PROFILE Successfully]]>
  </system-out>
  <testcase classname="com.CloudRunnerPackage.TrainingTestCases" name="Click_Corporate_Training" time="1.126"/>
  <system-out>
    <![CDATA[<font color = 'green'>Mouse over on TRAINING</font>
<font color = 'green'>Clicked On COPRPORATE TRAINING</font>
Clicked On CORPORATE TRAINING Successfully]]>
  </system-out>
  <testcase classname="com.CloudRunnerPackage.TrainingTestCases" name="Click_Course_Shedule" time="0.987"/>
  <system-out>
    <![CDATA[<font color = 'green'>Mouse over on TRAINING</font>
<font color = 'green'>Clicked On COURSE SHEDULE</font>
Clicked On COURSE SHEDULE Successfully]]>
  </system-out>
</testsuite> <!-- com.CloudRunnerPackage.TrainingTestCases -->
